--- Copying files at Mon Apr 22 16:44:32 KST 2024
--- Copying files at Mon Apr 22 16:59:08 KST 2024
--- Copying files at Mon Apr 22 17:03:08 KST 2024
--- Copying files at Tue Apr 23 00:06:26 KST 2024
--- Copying files at Tue Apr 23 00:08:44 KST 2024
--- Copying files at Tue Apr 23 00:46:59 KST 2024
--- Copying files at Tue Apr 23 00:48:17 KST 2024
--- Copying files at Tue Apr 23 09:29:13 KST 2024
--- Copying files at Tue Apr 23 09:33:04 KST 2024
--- Copying files at Tue Apr 23 12:09:56 KST 2024
--- Copying files at Tue Apr 23 12:14:50 KST 2024
--- Copying files at Tue Apr 23 12:14:59 KST 2024
--- Copying files at Tue Apr 23 12:38:21 KST 2024
--- Copying files at Tue Apr 23 12:40:22 KST 2024
--- Copying files at Tue Apr 23 13:02:09 KST 2024
--- Copying files at Tue Apr 23 13:02:33 KST 2024
--- Copying files at Tue Apr 23 13:18:35 KST 2024
--- Copying files at Tue Apr 23 13:24:29 KST 2024
--- Copying files at Tue Apr 23 14:26:11 KST 2024
--- Copying files at Tue Apr 23 14:42:52 KST 2024
--- Copying files at Tue Apr 23 15:05:18 KST 2024
--- Copying files at Tue Apr 23 15:17:17 KST 2024
--- Copying files at Tue Apr 23 15:22:19 KST 2024
--- Copying files at Tue Apr 23 16:35:37 KST 2024
--- Copying files at Tue Apr 23 16:39:34 KST 2024
--- Copying files at Tue Apr 23 16:55:34 KST 2024
--- Copying files at Tue Apr 23 17:05:45 KST 2024
--- Copying files at Tue Apr 23 18:57:21 KST 2024
--- Copying files at Tue Apr 23 19:06:49 KST 2024
--- Copying files at Fri Apr 26 09:23:20 KST 2024
--- Copying files at Wed May  1 15:19:33 KST 2024
--- Copying files at Wed May  1 15:26:45 KST 2024
--- Copying files at Fri May 10 10:12:20 KST 2024
--- Copying files at Fri May 10 10:14:47 KST 2024
--- Copying files at Fri May 10 10:24:54 KST 2024
--- Copying files at Fri May 10 10:27:48 KST 2024
