Started at Mon May 06 10:12:53 KST 2024
Processing S10P31B107
Offering S10P31B107 to Project Build Discarder
Finished at Mon May 06 10:12:53 KST 2024. 2ms
Started at Mon May 06 11:12:53 KST 2024
Processing S10P31B107
Offering S10P31B107 to Project Build Discarder
Finished at Mon May 06 11:12:53 KST 2024. 0ms
Started at Mon May 06 12:12:53 KST 2024
Processing S10P31B107
Offering S10P31B107 to Project Build Discarder
Finished at Mon May 06 12:12:53 KST 2024. 1ms
Started at Mon May 06 13:12:53 KST 2024
Processing S10P31B107
Offering S10P31B107 to Project Build Discarder
Finished at Mon May 06 13:12:53 KST 2024. 1ms
Started at Mon May 06 14:12:53 KST 2024
Processing S10P31B107
Offering S10P31B107 to Project Build Discarder
Finished at Mon May 06 14:12:53 KST 2024. 1ms
Started at Mon May 06 15:12:53 KST 2024
Processing S10P31B107
Offering S10P31B107 to Project Build Discarder
Finished at Mon May 06 15:12:53 KST 2024. 1ms
Started at Mon May 06 16:12:53 KST 2024
Processing S10P31B107
Offering S10P31B107 to Project Build Discarder
Finished at Mon May 06 16:12:53 KST 2024. 1ms
Started at Mon May 06 17:12:53 KST 2024
Processing S10P31B107
Offering S10P31B107 to Project Build Discarder
Finished at Mon May 06 17:12:53 KST 2024. 0ms
Started at Mon May 06 18:12:53 KST 2024
Processing S10P31B107
Offering S10P31B107 to Project Build Discarder
Finished at Mon May 06 18:12:53 KST 2024. 1ms
Started at Mon May 06 19:12:53 KST 2024
Processing S10P31B107
Offering S10P31B107 to Project Build Discarder
Finished at Mon May 06 19:12:53 KST 2024. 1ms
Started at Mon May 06 20:12:53 KST 2024
Processing S10P31B107
Offering S10P31B107 to Project Build Discarder
Finished at Mon May 06 20:12:53 KST 2024. 1ms
Started at Mon May 06 21:12:53 KST 2024
Processing S10P31B107
Offering S10P31B107 to Project Build Discarder
Finished at Mon May 06 21:12:53 KST 2024. 2ms
Started at Mon May 06 22:12:53 KST 2024
Processing S10P31B107
Offering S10P31B107 to Project Build Discarder
Finished at Mon May 06 22:12:53 KST 2024. 1ms
Started at Mon May 06 23:12:53 KST 2024
Processing S10P31B107
Offering S10P31B107 to Project Build Discarder
Finished at Mon May 06 23:12:53 KST 2024. 1ms
Started at Tue May 07 00:12:53 KST 2024
Processing S10P31B107
Offering S10P31B107 to Project Build Discarder
Finished at Tue May 07 00:12:53 KST 2024. 0ms
Started at Tue May 07 01:12:53 KST 2024
Processing S10P31B107
Offering S10P31B107 to Project Build Discarder
Finished at Tue May 07 01:12:53 KST 2024. 1ms
Started at Tue May 07 02:12:53 KST 2024
Processing S10P31B107
Offering S10P31B107 to Project Build Discarder
Finished at Tue May 07 02:12:53 KST 2024. 1ms
Started at Tue May 07 03:12:53 KST 2024
Processing S10P31B107
Offering S10P31B107 to Project Build Discarder
Finished at Tue May 07 03:12:53 KST 2024. 0ms
Started at Tue May 07 04:12:53 KST 2024
Processing S10P31B107
Offering S10P31B107 to Project Build Discarder
Finished at Tue May 07 04:12:53 KST 2024. 0ms
Started at Tue May 07 05:12:53 KST 2024
Processing S10P31B107
Offering S10P31B107 to Project Build Discarder
Finished at Tue May 07 05:12:53 KST 2024. 0ms
Started at Tue May 07 06:12:53 KST 2024
Processing S10P31B107
Offering S10P31B107 to Project Build Discarder
Finished at Tue May 07 06:12:53 KST 2024. 7ms
Started at Tue May 07 07:12:53 KST 2024
Processing S10P31B107
Offering S10P31B107 to Project Build Discarder
Finished at Tue May 07 07:12:53 KST 2024. 1ms
Started at Tue May 07 08:12:53 KST 2024
Processing S10P31B107
Offering S10P31B107 to Project Build Discarder
Finished at Tue May 07 08:12:53 KST 2024. 0ms
Started at Tue May 07 09:12:53 KST 2024
Processing S10P31B107
Offering S10P31B107 to Project Build Discarder
Finished at Tue May 07 09:12:53 KST 2024. 0ms
